

Microchip MPLAB XC8 Assembler V2.31 build 20201012212115 
                                                                                               Mon Feb 15 00:20:52 2021

Microchip MPLAB XC8 C Compiler v2.31 (Free license) build 20201012212115 Og1 
     1                           	processor	16F887
     2                           	pagewidth 120
     3                           	opt	flic
     4                           	psect	cinit,global,class=CODE,merge=1,delta=2
     5                           	psect	bssCOMMON,global,class=COMMON,space=1,delta=1,noexec
     6                           	psect	bssBANK0,global,class=BANK0,space=1,delta=1,noexec
     7                           	psect	cstackCOMMON,global,class=COMMON,space=1,delta=1,noexec
     8                           	psect	cstackBANK0,global,class=BANK0,space=1,delta=1,noexec
     9                           	psect	maintext,global,class=CODE,split=1,delta=2
    10                           	psect	text1,local,class=CODE,merge=1,delta=2
    11                           	psect	text2,local,class=CODE,merge=1,delta=2
    12                           	psect	text3,local,class=CODE,merge=1,delta=2
    13                           	psect	text4,local,class=CODE,merge=1,delta=2
    14                           	psect	text5,local,class=CODE,merge=1,delta=2
    15                           	psect	text6,local,class=CODE,merge=1,delta=2
    16                           	psect	intentry,global,class=CODE,delta=2
    17                           	psect	text7,local,class=CODE,merge=1,delta=2
    18                           	psect	text8,local,class=CODE,merge=1,delta=2
    19                           	psect	config,global,abs,ovrld,class=CONFIG,space=4,delta=2,noexec
    20                           	dabs	1,0x7E,2
    21  0000                     
    22                           ; Version 2.20
    23                           ; Generated 12/02/2020 GMT
    24                           ; 
    25                           ; Copyright © 2020, Microchip Technology Inc. and its subsidiaries ("Microchip")
    26                           ; All rights reserved.
    27                           ; 
    28                           ; This software is developed by Microchip Technology Inc. and its subsidiaries ("Microch
      +                          ip").
    29                           ; 
    30                           ; Redistribution and use in source and binary forms, with or without modification, are
    31                           ; permitted provided that the following conditions are met:
    32                           ; 
    33                           ;     1. Redistributions of source code must retain the above copyright notice, this lis
      +                          t of
    34                           ;        conditions and the following disclaimer.
    35                           ; 
    36                           ;     2. Redistributions in binary form must reproduce the above copyright notice, this 
      +                          list
    37                           ;        of conditions and the following disclaimer in the documentation and/or other
    38                           ;        materials provided with the distribution.
    39                           ; 
    40                           ;     3. Microchip's name may not be used to endorse or promote products derived from th
      +                          is
    41                           ;        software without specific prior written permission.
    42                           ; 
    43                           ; THIS SOFTWARE IS PROVIDED BY MICROCHIP "AS IS" AND ANY EXPRESS OR IMPLIED WARRANTIES,
    44                           ; INCLUDING, BUT NOT LIMITED TO, THE IMPLIED WARRANTIES OF MERCHANTABILITY AND FITNESS F
      +                          OR
    45                           ; PURPOSE ARE DISCLAIMED.  IN NO EVENT SHALL MICROCHIP BE LIABLE FOR ANY DIRECT, INDIREC
      +                          T,
    46                           ; INCIDENTAL, SPECIAL, EXEMPLARY, OR CONSEQUENTIAL DAMAGES (INCLUDING BUT NOT LIMITED TO
    47                           ; PROCUREMENT OF SUBSTITUTE GOODS OR SERVICES; LOSS OF USE, DATA OR PROFITS; OR BUSINESS
    48                           ; INTERRUPTION) HOWSOEVER CAUSED AND ON ANY THEORY OF LIABILITY, WHETHER IN CONTRACT, ST
      +                          RICT
    49                           ; LIABILITY, OR TORT (INCLUDING NEGLIGENCE OR OTHERWISE) ARISING IN ANY WAY OUT OF THE U
      +                          SE OF
    50                           ; THIS SOFTWARE, EVEN IF ADVISED OF THE POSSIBILITY OF SUCH DAMAGE.
    51                           ; 
    52                           ; 
    53                           ; Code-generator required, PIC16F887 Definitions
    54                           ; 
    55                           ; SFR Addresses
    56  0000                     	;# 
    57  0001                     	;# 
    58  0002                     	;# 
    59  0003                     	;# 
    60  0004                     	;# 
    61  0005                     	;# 
    62  0006                     	;# 
    63  0007                     	;# 
    64  0008                     	;# 
    65  0009                     	;# 
    66  000A                     	;# 
    67  000B                     	;# 
    68  000C                     	;# 
    69  000D                     	;# 
    70  000E                     	;# 
    71  000E                     	;# 
    72  000F                     	;# 
    73  0010                     	;# 
    74  0011                     	;# 
    75  0012                     	;# 
    76  0013                     	;# 
    77  0014                     	;# 
    78  0015                     	;# 
    79  0015                     	;# 
    80  0016                     	;# 
    81  0017                     	;# 
    82  0018                     	;# 
    83  0019                     	;# 
    84  001A                     	;# 
    85  001B                     	;# 
    86  001B                     	;# 
    87  001C                     	;# 
    88  001D                     	;# 
    89  001E                     	;# 
    90  001F                     	;# 
    91  0081                     	;# 
    92  0085                     	;# 
    93  0086                     	;# 
    94  0087                     	;# 
    95  0088                     	;# 
    96  0089                     	;# 
    97  008C                     	;# 
    98  008D                     	;# 
    99  008E                     	;# 
   100  008F                     	;# 
   101  0090                     	;# 
   102  0091                     	;# 
   103  0092                     	;# 
   104  0093                     	;# 
   105  0093                     	;# 
   106  0093                     	;# 
   107  0094                     	;# 
   108  0095                     	;# 
   109  0096                     	;# 
   110  0097                     	;# 
   111  0098                     	;# 
   112  0099                     	;# 
   113  009A                     	;# 
   114  009B                     	;# 
   115  009C                     	;# 
   116  009D                     	;# 
   117  009E                     	;# 
   118  009F                     	;# 
   119  0105                     	;# 
   120  0107                     	;# 
   121  0108                     	;# 
   122  0109                     	;# 
   123  010C                     	;# 
   124  010C                     	;# 
   125  010D                     	;# 
   126  010E                     	;# 
   127  010F                     	;# 
   128  0185                     	;# 
   129  0187                     	;# 
   130  0188                     	;# 
   131  0189                     	;# 
   132  018C                     	;# 
   133  018D                     	;# 
   134  0000                     	;# 
   135  0001                     	;# 
   136  0002                     	;# 
   137  0003                     	;# 
   138  0004                     	;# 
   139  0005                     	;# 
   140  0006                     	;# 
   141  0007                     	;# 
   142  0008                     	;# 
   143  0009                     	;# 
   144  000A                     	;# 
   145  000B                     	;# 
   146  000C                     	;# 
   147  000D                     	;# 
   148  000E                     	;# 
   149  000E                     	;# 
   150  000F                     	;# 
   151  0010                     	;# 
   152  0011                     	;# 
   153  0012                     	;# 
   154  0013                     	;# 
   155  0014                     	;# 
   156  0015                     	;# 
   157  0015                     	;# 
   158  0016                     	;# 
   159  0017                     	;# 
   160  0018                     	;# 
   161  0019                     	;# 
   162  001A                     	;# 
   163  001B                     	;# 
   164  001B                     	;# 
   165  001C                     	;# 
   166  001D                     	;# 
   167  001E                     	;# 
   168  001F                     	;# 
   169  0081                     	;# 
   170  0085                     	;# 
   171  0086                     	;# 
   172  0087                     	;# 
   173  0088                     	;# 
   174  0089                     	;# 
   175  008C                     	;# 
   176  008D                     	;# 
   177  008E                     	;# 
   178  008F                     	;# 
   179  0090                     	;# 
   180  0091                     	;# 
   181  0092                     	;# 
   182  0093                     	;# 
   183  0093                     	;# 
   184  0093                     	;# 
   185  0094                     	;# 
   186  0095                     	;# 
   187  0096                     	;# 
   188  0097                     	;# 
   189  0098                     	;# 
   190  0099                     	;# 
   191  009A                     	;# 
   192  009B                     	;# 
   193  009C                     	;# 
   194  009D                     	;# 
   195  009E                     	;# 
   196  009F                     	;# 
   197  0105                     	;# 
   198  0107                     	;# 
   199  0108                     	;# 
   200  0109                     	;# 
   201  010C                     	;# 
   202  010C                     	;# 
   203  010D                     	;# 
   204  010E                     	;# 
   205  010F                     	;# 
   206  0185                     	;# 
   207  0187                     	;# 
   208  0188                     	;# 
   209  0189                     	;# 
   210  018C                     	;# 
   211  018D                     	;# 
   212  0000                     	;# 
   213  0001                     	;# 
   214  0002                     	;# 
   215  0003                     	;# 
   216  0004                     	;# 
   217  0005                     	;# 
   218  0006                     	;# 
   219  0007                     	;# 
   220  0008                     	;# 
   221  0009                     	;# 
   222  000A                     	;# 
   223  000B                     	;# 
   224  000C                     	;# 
   225  000D                     	;# 
   226  000E                     	;# 
   227  000E                     	;# 
   228  000F                     	;# 
   229  0010                     	;# 
   230  0011                     	;# 
   231  0012                     	;# 
   232  0013                     	;# 
   233  0014                     	;# 
   234  0015                     	;# 
   235  0015                     	;# 
   236  0016                     	;# 
   237  0017                     	;# 
   238  0018                     	;# 
   239  0019                     	;# 
   240  001A                     	;# 
   241  001B                     	;# 
   242  001B                     	;# 
   243  001C                     	;# 
   244  001D                     	;# 
   245  001E                     	;# 
   246  001F                     	;# 
   247  0081                     	;# 
   248  0085                     	;# 
   249  0086                     	;# 
   250  0087                     	;# 
   251  0088                     	;# 
   252  0089                     	;# 
   253  008C                     	;# 
   254  008D                     	;# 
   255  008E                     	;# 
   256  008F                     	;# 
   257  0090                     	;# 
   258  0091                     	;# 
   259  0092                     	;# 
   260  0093                     	;# 
   261  0093                     	;# 
   262  0093                     	;# 
   263  0094                     	;# 
   264  0095                     	;# 
   265  0096                     	;# 
   266  0097                     	;# 
   267  0098                     	;# 
   268  0099                     	;# 
   269  009A                     	;# 
   270  009B                     	;# 
   271  009C                     	;# 
   272  009D                     	;# 
   273  009E                     	;# 
   274  009F                     	;# 
   275  0105                     	;# 
   276  0107                     	;# 
   277  0108                     	;# 
   278  0109                     	;# 
   279  010C                     	;# 
   280  010C                     	;# 
   281  010D                     	;# 
   282  010E                     	;# 
   283  010F                     	;# 
   284  0185                     	;# 
   285  0187                     	;# 
   286  0188                     	;# 
   287  0189                     	;# 
   288  018C                     	;# 
   289  018D                     	;# 
   290  0013                     _SSPBUF	set	19
   291  0014                     _SSPCONbits	set	20
   292  0009                     _PORTE	set	9
   293  0008                     _PORTD	set	8
   294  0007                     _PORTC	set	7
   295  0006                     _PORTBbits	set	6
   296  0005                     _PORTA	set	5
   297  0006                     _PORTB	set	6
   298  000B                     _INTCONbits	set	11
   299  0094                     _SSPSTATbits	set	148
   300  008F                     _OSCCONbits	set	143
   301  0096                     _IOCB	set	150
   302  0089                     _TRISE	set	137
   303  0088                     _TRISD	set	136
   304  0087                     _TRISCbits	set	135
   305  0087                     _TRISC	set	135
   306  0086                     _TRISBbits	set	134
   307  0086                     _TRISB	set	134
   308  0085                     _TRISAbits	set	133
   309  0085                     _TRISA	set	133
   310  0189                     _ANSELH	set	393
   311  0188                     _ANSELbits	set	392
   312  0188                     _ANSEL	set	392
   313                           
   314                           	psect	cinit
   315  0013                     start_initialization:	
   316                           ; #config settings
   317                           
   318  0013                     __initialization:
   319                           
   320                           ; Clear objects allocated to COMMON
   321  0013  01F7               	clrf	__pbssCOMMON& (0+127)
   322  0014  01F8               	clrf	(__pbssCOMMON+1)& (0+127)
   323  0015  01F9               	clrf	(__pbssCOMMON+2)& (0+127)
   324  0016  01FA               	clrf	(__pbssCOMMON+3)& (0+127)
   325  0017  01FB               	clrf	(__pbssCOMMON+4)& (0+127)
   326                           
   327                           ; Clear objects allocated to BANK0
   328  0018  1283               	bcf	3,5	;RP0=0, select bank0
   329  0019  1303               	bcf	3,6	;RP1=0, select bank0
   330  001A  01A0               	clrf	__pbssBANK0& (0+127)
   331  001B  01A1               	clrf	(__pbssBANK0+1)& (0+127)
   332  001C  01A2               	clrf	(__pbssBANK0+2)& (0+127)
   333  001D  01A3               	clrf	(__pbssBANK0+3)& (0+127)
   334  001E  01A4               	clrf	(__pbssBANK0+4)& (0+127)
   335  001F  01A5               	clrf	(__pbssBANK0+5)& (0+127)
   336  0020  01A6               	clrf	(__pbssBANK0+6)& (0+127)
   337  0021  01A7               	clrf	(__pbssBANK0+7)& (0+127)
   338  0022  01A8               	clrf	(__pbssBANK0+8)& (0+127)
   339  0023  01A9               	clrf	(__pbssBANK0+9)& (0+127)
   340  0024  01AA               	clrf	(__pbssBANK0+10)& (0+127)
   341  0025  01AB               	clrf	(__pbssBANK0+11)& (0+127)
   342  0026                     end_of_initialization:	
   343                           ;End of C runtime variable initialization code
   344                           
   345  0026                     __end_of__initialization:
   346  0026  0183               	clrf	3
   347  0027  120A  118A  29CE   	ljmp	_main	;jump to C main() function
   348                           
   349                           	psect	bssCOMMON
   350  0077                     __pbssCOMMON:
   351  0077                     _released_ok:
   352  0077                     	ds	2
   353  0079                     _pressed_ok:
   354  0079                     	ds	2
   355  007B                     _dato:
   356  007B                     	ds	1
   357                           
   358                           	psect	bssBANK0
   359  0020                     __pbssBANK0:
   360  0020                     _presionado2:
   361  0020                     	ds	2
   362  0022                     _released_ok2:
   363  0022                     	ds	2
   364  0024                     _pressed_ok2:
   365  0024                     	ds	2
   366  0026                     _contador2:
   367  0026                     	ds	2
   368  0028                     _presionado:
   369  0028                     	ds	2
   370  002A                     _contador:
   371  002A                     	ds	2
   372                           
   373                           	psect	cstackCOMMON
   374  0070                     __pcstackCOMMON:
   375  0070                     ?_incrementar:
   376  0070                     ??_incrementar:	
   377                           ; 1 bytes @ 0x0
   378                           
   379  0070                     ?_decrementar:	
   380                           ; 1 bytes @ 0x0
   381                           
   382  0070                     ??_decrementar:	
   383                           ; 1 bytes @ 0x0
   384                           
   385  0070                     ?_setup:	
   386                           ; 1 bytes @ 0x0
   387                           
   388  0070                     ?_osc_config:	
   389                           ; 1 bytes @ 0x0
   390                           
   391  0070                     ?_interrup_config:	
   392                           ; 1 bytes @ 0x0
   393                           
   394  0070                     ?_SPI_config:	
   395                           ; 1 bytes @ 0x0
   396                           
   397  0070                     ?_ISR:	
   398                           ; 1 bytes @ 0x0
   399                           
   400  0070                     ?_main:	
   401                           ; 1 bytes @ 0x0
   402                           
   403  0070                     incrementar@e:	
   404                           ; 1 bytes @ 0x0
   405                           
   406  0070                     decrementar@e:	
   407                           ; 2 bytes @ 0x0
   408                           
   409                           
   410                           ; 2 bytes @ 0x0
   411  0070                     	ds	2
   412  0072                     incrementar@e_311:
   413  0072                     decrementar@e_314:	
   414                           ; 2 bytes @ 0x2
   415                           
   416                           
   417                           ; 2 bytes @ 0x2
   418  0072                     	ds	2
   419  0074                     ??_ISR:
   420                           
   421                           ; 1 bytes @ 0x4
   422  0074                     	ds	3
   423                           
   424                           	psect	cstackBANK0
   425  002C                     __pcstackBANK0:
   426  002C                     ??_setup:
   427  002C                     ??_osc_config:	
   428                           ; 1 bytes @ 0x0
   429                           
   430  002C                     ??_interrup_config:	
   431                           ; 1 bytes @ 0x0
   432                           
   433  002C                     ?_SPI_Esclavo_Init:	
   434                           ; 1 bytes @ 0x0
   435                           
   436  002C                     SPI_Esclavo_Init@SCK:	
   437                           ; 1 bytes @ 0x0
   438                           
   439                           
   440                           ; 1 bytes @ 0x0
   441  002C                     	ds	1
   442  002D                     ??_SPI_Esclavo_Init:
   443                           
   444                           ; 1 bytes @ 0x1
   445  002D                     	ds	2
   446  002F                     SPI_Esclavo_Init@port_mode:
   447                           
   448                           ; 1 bytes @ 0x3
   449  002F                     	ds	1
   450  0030                     ??_SPI_config:
   451  0030                     ??_main:	
   452                           ; 1 bytes @ 0x4
   453                           
   454                           
   455                           	psect	maintext
   456  01CE                     __pmaintext:	
   457                           ; 1 bytes @ 0x4
   458 ;;
   459 ;;Main: autosize = 0, tempsize = 0, incstack = 0, save=0
   460 ;;
   461 ;; *************** function _main *****************
   462 ;; Defined at:
   463 ;;		line 86 in file "SLAVE_PUSH_SPI.c"
   464 ;; Parameters:    Size  Location     Type
   465 ;;		None
   466 ;; Auto vars:     Size  Location     Type
   467 ;;		None
   468 ;; Return value:  Size  Location     Type
   469 ;;                  1    wreg      void 
   470 ;; Registers used:
   471 ;;		wreg, fsr0l, fsr0h, status,2, status,0, pclath, cstack
   472 ;; Tracked objects:
   473 ;;		On entry : B00/0
   474 ;;		On exit  : 0/0
   475 ;;		Unchanged: 0/0
   476 ;; Data sizes:     COMMON   BANK0   BANK1   BANK3   BANK2
   477 ;;      Params:         0       0       0       0       0
   478 ;;      Locals:         0       0       0       0       0
   479 ;;      Temps:          0       0       0       0       0
   480 ;;      Totals:         0       0       0       0       0
   481 ;;Total ram usage:        0 bytes
   482 ;; Hardware stack levels required when called:    4
   483 ;; This function calls:
   484 ;;		_SPI_config
   485 ;;		_interrup_config
   486 ;;		_osc_config
   487 ;;		_setup
   488 ;; This function is called by:
   489 ;;		Startup code after reset
   490 ;; This function uses a non-reentrant model
   491 ;;
   492                           
   493                           
   494                           ;psect for function _main
   495  01CE                     _main:
   496  01CE                     l1130:	
   497                           ;incstack = 0
   498                           ; Regs used in _main: [wreg-fsr0h+status,2+status,0+pclath+cstack]
   499                           
   500                           
   501                           ;SLAVE_PUSH_SPI.c: 88: }
   502  01CE  120A  118A  2183  120A  118A  	fcall	_setup
   503                           
   504                           ;SLAVE_PUSH_SPI.c: 89: 
   505  01D3  120A  118A  21F3  120A  118A  	fcall	_osc_config
   506  01D8                     l1132:
   507                           
   508                           ;SLAVE_PUSH_SPI.c: 90: void interrup_config (void)
   509  01D8  120A  118A  21E6  120A  118A  	fcall	_interrup_config
   510  01DD                     l1134:
   511                           
   512                           ;SLAVE_PUSH_SPI.c: 91: {
   513  01DD  120A  118A  21FD  120A  118A  	fcall	_SPI_config
   514  01E2                     l83:	
   515                           ;SLAVE_PUSH_SPI.c: 92:     INTCONbits.GIE = 1;
   516                           
   517  01E2                     l84:	
   518                           ;SLAVE_PUSH_SPI.c: 93:     INTCONbits.PEIE = 0;;SLAVE_PUSH_SPI.c: 95:     INTCONbits.INT
      +                          E = 0;
   519                           
   520  01E2  29E2               	goto	l83
   521  01E3  120A  118A  2810   	ljmp	start
   522  01E6                     __end_of_main:
   523                           
   524                           	psect	text1
   525  0183                     __ptext1:	
   526 ;; *************** function _setup *****************
   527 ;; Defined at:
   528 ;;		line 102 in file "SLAVE_PUSH_SPI.c"
   529 ;; Parameters:    Size  Location     Type
   530 ;;		None
   531 ;; Auto vars:     Size  Location     Type
   532 ;;		None
   533 ;; Return value:  Size  Location     Type
   534 ;;                  1    wreg      void 
   535 ;; Registers used:
   536 ;;		status,2
   537 ;; Tracked objects:
   538 ;;		On entry : 0/0
   539 ;;		On exit  : 0/0
   540 ;;		Unchanged: 0/0
   541 ;; Data sizes:     COMMON   BANK0   BANK1   BANK3   BANK2
   542 ;;      Params:         0       0       0       0       0
   543 ;;      Locals:         0       0       0       0       0
   544 ;;      Temps:          0       0       0       0       0
   545 ;;      Totals:         0       0       0       0       0
   546 ;;Total ram usage:        0 bytes
   547 ;; Hardware stack levels used:    1
   548 ;; Hardware stack levels required when called:    2
   549 ;; This function calls:
   550 ;;		Nothing
   551 ;; This function is called by:
   552 ;;		_main
   553 ;; This function uses a non-reentrant model
   554 ;;
   555                           
   556                           
   557                           ;psect for function _setup
   558  0183                     _setup:
   559  0183                     l1092:	
   560                           ;incstack = 0
   561                           ; Regs used in _setup: [status,2]
   562                           
   563                           
   564                           ;SLAVE_PUSH_SPI.c: 104: {
   565  0183  1683               	bsf	3,5	;RP0=1, select bank3
   566  0184  1703               	bsf	3,6	;RP1=1, select bank3
   567  0185  0188               	clrf	8	;volatile
   568                           
   569                           ;SLAVE_PUSH_SPI.c: 105:     OSCCONbits.IRCF2 = 1;
   570  0186  1683               	bsf	3,5	;RP0=1, select bank1
   571  0187  1303               	bcf	3,6	;RP1=0, select bank1
   572  0188  0185               	clrf	5	;volatile
   573  0189                     l1094:
   574                           
   575                           ;SLAVE_PUSH_SPI.c: 106:     OSCCONbits.IRCF1 = 1;
   576  0189  1685               	bsf	5,5	;volatile
   577  018A                     l1096:
   578                           
   579                           ;SLAVE_PUSH_SPI.c: 107:     OSCCONbits.IRCF0 = 0;
   580  018A  1683               	bsf	3,5	;RP0=1, select bank3
   581  018B  1703               	bsf	3,6	;RP1=1, select bank3
   582  018C  1288               	bcf	8,5	;volatile
   583                           
   584                           ;SLAVE_PUSH_SPI.c: 108:     OSCCONbits.OSTS = 0;
   585  018D  1283               	bcf	3,5	;RP0=0, select bank0
   586  018E  1303               	bcf	3,6	;RP1=0, select bank0
   587  018F  0185               	clrf	5	;volatile
   588                           
   589                           ;SLAVE_PUSH_SPI.c: 109:     OSCCONbits.HTS = 0;
   590  0190  1683               	bsf	3,5	;RP0=1, select bank3
   591  0191  1703               	bsf	3,6	;RP1=1, select bank3
   592  0192  0189               	clrf	9	;volatile
   593                           
   594                           ;SLAVE_PUSH_SPI.c: 110:     OSCCONbits.LTS = 1;
   595  0193  1683               	bsf	3,5	;RP0=1, select bank1
   596  0194  1303               	bcf	3,6	;RP1=0, select bank1
   597  0195  0186               	clrf	6	;volatile
   598  0196                     l1098:
   599                           
   600                           ;SLAVE_PUSH_SPI.c: 111:     OSCCONbits.SCS = 0;
   601  0196  1506               	bsf	6,2	;volatile
   602  0197                     l1100:
   603                           
   604                           ;SLAVE_PUSH_SPI.c: 112: }
   605  0197  1586               	bsf	6,3	;volatile
   606                           
   607                           ;SLAVE_PUSH_SPI.c: 113: 
   608  0198  1283               	bcf	3,5	;RP0=0, select bank0
   609  0199  1303               	bcf	3,6	;RP1=0, select bank0
   610  019A  0186               	clrf	6	;volatile
   611  019B                     l1102:
   612                           
   613                           ;SLAVE_PUSH_SPI.c: 114: 
   614  019B  1106               	bcf	6,2	;volatile
   615  019C                     l1104:
   616                           
   617                           ;SLAVE_PUSH_SPI.c: 115: 
   618  019C  1186               	bcf	6,3	;volatile
   619                           
   620                           ;SLAVE_PUSH_SPI.c: 116: 
   621  019D  1683               	bsf	3,5	;RP0=1, select bank1
   622  019E  1303               	bcf	3,6	;RP1=0, select bank1
   623  019F  0187               	clrf	7	;volatile
   624                           
   625                           ;SLAVE_PUSH_SPI.c: 117: 
   626  01A0  1283               	bcf	3,5	;RP0=0, select bank0
   627  01A1  1303               	bcf	3,6	;RP1=0, select bank0
   628  01A2  0187               	clrf	7	;volatile
   629  01A3                     l1106:
   630                           
   631                           ;SLAVE_PUSH_SPI.c: 118: void SPI_config (void)
   632  01A3  1683               	bsf	3,5	;RP0=1, select bank1
   633  01A4  1303               	bcf	3,6	;RP1=0, select bank1
   634  01A5  1587               	bsf	7,3	;volatile
   635  01A6                     l1108:
   636                           
   637                           ;SLAVE_PUSH_SPI.c: 119: {
   638  01A6  1607               	bsf	7,4	;volatile
   639  01A7                     l1110:
   640                           
   641                           ;SLAVE_PUSH_SPI.c: 120:     SPI_Esclavo_Init (4, 0);
   642  01A7  1287               	bcf	7,5	;volatile
   643                           
   644                           ;SLAVE_PUSH_SPI.c: 121: }
   645  01A8  0188               	clrf	8	;volatile
   646                           
   647                           ;SLAVE_PUSH_SPI.c: 122: 
   648  01A9  1283               	bcf	3,5	;RP0=0, select bank0
   649  01AA  1303               	bcf	3,6	;RP1=0, select bank0
   650  01AB  0188               	clrf	8	;volatile
   651                           
   652                           ;SLAVE_PUSH_SPI.c: 123: 
   653  01AC  1683               	bsf	3,5	;RP0=1, select bank1
   654  01AD  1303               	bcf	3,6	;RP1=0, select bank1
   655  01AE  0189               	clrf	9	;volatile
   656                           
   657                           ;SLAVE_PUSH_SPI.c: 124: 
   658  01AF  1283               	bcf	3,5	;RP0=0, select bank0
   659  01B0  1303               	bcf	3,6	;RP1=0, select bank0
   660  01B1  0189               	clrf	9	;volatile
   661  01B2                     l89:
   662  01B2  0008               	return
   663  01B3                     __end_of_setup:
   664                           
   665                           	psect	text2
   666  01F3                     __ptext2:	
   667 ;; *************** function _osc_config *****************
   668 ;; Defined at:
   669 ;;		line 140 in file "SLAVE_PUSH_SPI.c"
   670 ;; Parameters:    Size  Location     Type
   671 ;;		None
   672 ;; Auto vars:     Size  Location     Type
   673 ;;		None
   674 ;; Return value:  Size  Location     Type
   675 ;;                  1    wreg      void 
   676 ;; Registers used:
   677 ;;		None
   678 ;; Tracked objects:
   679 ;;		On entry : 0/0
   680 ;;		On exit  : 0/0
   681 ;;		Unchanged: 0/0
   682 ;; Data sizes:     COMMON   BANK0   BANK1   BANK3   BANK2
   683 ;;      Params:         0       0       0       0       0
   684 ;;      Locals:         0       0       0       0       0
   685 ;;      Temps:          0       0       0       0       0
   686 ;;      Totals:         0       0       0       0       0
   687 ;;Total ram usage:        0 bytes
   688 ;; Hardware stack levels used:    1
   689 ;; Hardware stack levels required when called:    2
   690 ;; This function calls:
   691 ;;		Nothing
   692 ;; This function is called by:
   693 ;;		_main
   694 ;; This function uses a non-reentrant model
   695 ;;
   696                           
   697                           
   698                           ;psect for function _osc_config
   699  01F3                     _osc_config:
   700  01F3                     l1112:	
   701                           ;incstack = 0
   702                           ; Regs used in _osc_config: []
   703                           
   704                           
   705                           ;SLAVE_PUSH_SPI.c: 142:         pressed_ok = 0;
   706  01F3  1683               	bsf	3,5	;RP0=1, select bank1
   707  01F4  1303               	bcf	3,6	;RP1=0, select bank1
   708  01F5  170F               	bsf	15,6	;volatile
   709                           
   710                           ;SLAVE_PUSH_SPI.c: 143:         }
   711  01F6  168F               	bsf	15,5	;volatile
   712                           
   713                           ;SLAVE_PUSH_SPI.c: 144:     else
   714  01F7  120F               	bcf	15,4	;volatile
   715                           
   716                           ;SLAVE_PUSH_SPI.c: 145:     {
   717  01F8  118F               	bcf	15,3	;volatile
   718                           
   719                           ;SLAVE_PUSH_SPI.c: 146:         for (int e = 0; e < 11; e++){
   720  01F9  110F               	bcf	15,2	;volatile
   721                           
   722                           ;SLAVE_PUSH_SPI.c: 147:         released_ok = released_ok + 1;}
   723  01FA  148F               	bsf	15,1	;volatile
   724                           
   725                           ;SLAVE_PUSH_SPI.c: 148:         pressed_ok = 0;
   726  01FB  100F               	bcf	15,0	;volatile
   727  01FC                     l95:
   728  01FC  0008               	return
   729  01FD                     __end_of_osc_config:
   730                           
   731                           	psect	text3
   732  01E6                     __ptext3:	
   733 ;; *************** function _interrup_config *****************
   734 ;; Defined at:
   735 ;;		line 127 in file "SLAVE_PUSH_SPI.c"
   736 ;; Parameters:    Size  Location     Type
   737 ;;		None
   738 ;; Auto vars:     Size  Location     Type
   739 ;;		None
   740 ;; Return value:  Size  Location     Type
   741 ;;                  1    wreg      void 
   742 ;; Registers used:
   743 ;;		wreg
   744 ;; Tracked objects:
   745 ;;		On entry : 0/0
   746 ;;		On exit  : 0/0
   747 ;;		Unchanged: 0/0
   748 ;; Data sizes:     COMMON   BANK0   BANK1   BANK3   BANK2
   749 ;;      Params:         0       0       0       0       0
   750 ;;      Locals:         0       0       0       0       0
   751 ;;      Temps:          0       0       0       0       0
   752 ;;      Totals:         0       0       0       0       0
   753 ;;Total ram usage:        0 bytes
   754 ;; Hardware stack levels used:    1
   755 ;; Hardware stack levels required when called:    2
   756 ;; This function calls:
   757 ;;		Nothing
   758 ;; This function is called by:
   759 ;;		_main
   760 ;; This function uses a non-reentrant model
   761 ;;
   762                           
   763                           
   764                           ;psect for function _interrup_config
   765  01E6                     _interrup_config:
   766  01E6                     l1114:	
   767                           ;incstack = 0
   768                           ; Regs used in _interrup_config: [wreg]
   769                           
   770                           
   771                           ;SLAVE_PUSH_SPI.c: 129:     if (PORTBbits.RB2 == 1)
   772  01E6  178B               	bsf	11,7	;volatile
   773                           
   774                           ;SLAVE_PUSH_SPI.c: 130:     {
   775  01E7  130B               	bcf	11,6	;volatile
   776                           
   777                           ;SLAVE_PUSH_SPI.c: 131:         for (int e = 0; e < 11; e++){
   778  01E8  128B               	bcf	11,5	;volatile
   779                           
   780                           ;SLAVE_PUSH_SPI.c: 132:         pressed_ok = pressed_ok + 1; }
   781  01E9  120B               	bcf	11,4	;volatile
   782                           
   783                           ;SLAVE_PUSH_SPI.c: 133:         released_ok = 0;
   784  01EA  158B               	bsf	11,3	;volatile
   785                           
   786                           ;SLAVE_PUSH_SPI.c: 134:         if (pressed_ok > 10)
   787  01EB  110B               	bcf	11,2	;volatile
   788                           
   789                           ;SLAVE_PUSH_SPI.c: 135:         {
   790  01EC  108B               	bcf	11,1	;volatile
   791                           
   792                           ;SLAVE_PUSH_SPI.c: 136:             if (presionado == 0)
   793  01ED  100B               	bcf	11,0	;volatile
   794  01EE                     l1116:
   795                           
   796                           ;SLAVE_PUSH_SPI.c: 137:             {
   797  01EE  30FC               	movlw	252
   798  01EF  1683               	bsf	3,5	;RP0=1, select bank1
   799  01F0  1303               	bcf	3,6	;RP1=0, select bank1
   800  01F1  0096               	movwf	22	;volatile
   801  01F2                     l92:
   802  01F2  0008               	return
   803  01F3                     __end_of_interrup_config:
   804                           
   805                           	psect	text4
   806  01FD                     __ptext4:	
   807 ;; *************** function _SPI_config *****************
   808 ;; Defined at:
   809 ;;		line 155 in file "SLAVE_PUSH_SPI.c"
   810 ;; Parameters:    Size  Location     Type
   811 ;;		None
   812 ;; Auto vars:     Size  Location     Type
   813 ;;		None
   814 ;; Return value:  Size  Location     Type
   815 ;;                  1    wreg      void 
   816 ;; Registers used:
   817 ;;		wreg, fsr0l, fsr0h, status,2, status,0, pclath, cstack
   818 ;; Tracked objects:
   819 ;;		On entry : 0/0
   820 ;;		On exit  : 0/0
   821 ;;		Unchanged: 0/0
   822 ;; Data sizes:     COMMON   BANK0   BANK1   BANK3   BANK2
   823 ;;      Params:         0       0       0       0       0
   824 ;;      Locals:         0       0       0       0       0
   825 ;;      Temps:          0       0       0       0       0
   826 ;;      Totals:         0       0       0       0       0
   827 ;;Total ram usage:        0 bytes
   828 ;; Hardware stack levels used:    1
   829 ;; Hardware stack levels required when called:    3
   830 ;; This function calls:
   831 ;;		_SPI_Esclavo_Init
   832 ;; This function is called by:
   833 ;;		_main
   834 ;; This function uses a non-reentrant model
   835 ;;
   836                           
   837                           
   838                           ;psect for function _SPI_config
   839  01FD                     _SPI_config:
   840  01FD                     l1118:	
   841                           ;incstack = 0
   842                           ; Regs used in _SPI_config: [wreg-fsr0h+status,2+status,0+pclath+cstack]
   843                           
   844                           
   845                           ;SLAVE_PUSH_SPI.c: 157: 
   846  01FD  1283               	bcf	3,5	;RP0=0, select bank0
   847  01FE  1303               	bcf	3,6	;RP1=0, select bank0
   848  01FF  01AC               	clrf	SPI_Esclavo_Init@SCK
   849  0200  3004               	movlw	4
   850  0201  120A  118A  202A  120A  118A  	fcall	_SPI_Esclavo_Init
   851  0206                     l98:
   852  0206  0008               	return
   853  0207                     __end_of_SPI_config:
   854                           
   855                           	psect	text5
   856  002A                     __ptext5:	
   857 ;; *************** function _SPI_Esclavo_Init *****************
   858 ;; Defined at:
   859 ;;		line 84 in file "SPI_SPI.c"
   860 ;; Parameters:    Size  Location     Type
   861 ;;  port_mode       1    wreg     unsigned char 
   862 ;;  SCK             1    0[BANK0 ] unsigned char 
   863 ;; Auto vars:     Size  Location     Type
   864 ;;  port_mode       1    3[BANK0 ] unsigned char 
   865 ;; Return value:  Size  Location     Type
   866 ;;                  1    wreg      void 
   867 ;; Registers used:
   868 ;;		wreg, fsr0l, fsr0h, status,2, status,0
   869 ;; Tracked objects:
   870 ;;		On entry : 0/0
   871 ;;		On exit  : 0/0
   872 ;;		Unchanged: 0/0
   873 ;; Data sizes:     COMMON   BANK0   BANK1   BANK3   BANK2
   874 ;;      Params:         0       1       0       0       0
   875 ;;      Locals:         0       1       0       0       0
   876 ;;      Temps:          0       2       0       0       0
   877 ;;      Totals:         0       4       0       0       0
   878 ;;Total ram usage:        4 bytes
   879 ;; Hardware stack levels used:    1
   880 ;; Hardware stack levels required when called:    2
   881 ;; This function calls:
   882 ;;		Nothing
   883 ;; This function is called by:
   884 ;;		_SPI_config
   885 ;; This function uses a non-reentrant model
   886 ;;
   887                           
   888                           
   889                           ;psect for function _SPI_Esclavo_Init
   890  002A                     _SPI_Esclavo_Init:
   891                           
   892                           ;incstack = 0
   893                           ; Regs used in _SPI_Esclavo_Init: [wreg-fsr0h+status,2+status,0]
   894                           ;SPI_Esclavo_Init@port_mode stored from wreg
   895  002A  1283               	bcf	3,5	;RP0=0, select bank0
   896  002B  1303               	bcf	3,6	;RP1=0, select bank0
   897  002C  00AF               	movwf	SPI_Esclavo_Init@port_mode
   898  002D                     l982:
   899                           
   900                           ;SPI_SPI.c: 84: void SPI_Esclavo_Init (char port_mode, char SCK);SPI_SPI.c: 85: {;SPI_SP
      +                          I.c: 86:     TRISAbits.TRISA5 = 1;
   901  002D  1683               	bsf	3,5	;RP0=1, select bank1
   902  002E  1303               	bcf	3,6	;RP1=0, select bank1
   903  002F  1685               	bsf	5,5	;volatile
   904                           
   905                           ;SPI_SPI.c: 87:     TRISCbits.TRISC5 = 0;
   906  0030  1287               	bcf	7,5	;volatile
   907                           
   908                           ;SPI_SPI.c: 88:     TRISCbits.TRISC4 = 1;
   909  0031  1607               	bsf	7,4	;volatile
   910                           
   911                           ;SPI_SPI.c: 89:     TRISCbits.TRISC3 = 1;
   912  0032  1587               	bsf	7,3	;volatile
   913                           
   914                           ;SPI_SPI.c: 91:     switch (port_mode)
   915  0033  2852               	goto	l986
   916  0034                     l153:	
   917                           ;SPI_SPI.c: 92:     {;SPI_SPI.c: 93:         case 0:
   918                           
   919                           
   920                           ;SPI_SPI.c: 94:             SSPCONbits.SSPM3 = 0;
   921  0034  1194               	bcf	20,3	;volatile
   922                           
   923                           ;SPI_SPI.c: 95:             SSPCONbits.SSPM2 = 0;
   924  0035  1114               	bcf	20,2	;volatile
   925                           
   926                           ;SPI_SPI.c: 96:             SSPCONbits.SSPM1 = 0;
   927  0036  1094               	bcf	20,1	;volatile
   928                           
   929                           ;SPI_SPI.c: 97:             SSPCONbits.SSPM0 = 0;
   930  0037  1014               	bcf	20,0	;volatile
   931                           
   932                           ;SPI_SPI.c: 99:             break;
   933  0038  2884               	goto	l990
   934  0039                     l155:	
   935                           ;SPI_SPI.c: 100:          case 1:
   936                           
   937                           
   938                           ;SPI_SPI.c: 101:             SSPCONbits.SSPM3 = 0;
   939  0039  1194               	bcf	20,3	;volatile
   940                           
   941                           ;SPI_SPI.c: 102:             SSPCONbits.SSPM2 = 0;
   942  003A  1114               	bcf	20,2	;volatile
   943                           
   944                           ;SPI_SPI.c: 103:             SSPCONbits.SSPM1 = 0;
   945  003B  1094               	bcf	20,1	;volatile
   946                           
   947                           ;SPI_SPI.c: 104:             SSPCONbits.SSPM0 = 1;
   948  003C  1414               	bsf	20,0	;volatile
   949                           
   950                           ;SPI_SPI.c: 106:             break;
   951  003D  2884               	goto	l990
   952  003E                     l156:	
   953                           ;SPI_SPI.c: 107:          case 2:
   954                           
   955                           
   956                           ;SPI_SPI.c: 108:             SSPCONbits.SSPM3 = 0;
   957  003E  1194               	bcf	20,3	;volatile
   958                           
   959                           ;SPI_SPI.c: 109:             SSPCONbits.SSPM2 = 0;
   960  003F  1114               	bcf	20,2	;volatile
   961                           
   962                           ;SPI_SPI.c: 110:             SSPCONbits.SSPM1 = 1;
   963  0040  1494               	bsf	20,1	;volatile
   964                           
   965                           ;SPI_SPI.c: 111:             SSPCONbits.SSPM0 = 0;
   966  0041  1014               	bcf	20,0	;volatile
   967                           
   968                           ;SPI_SPI.c: 113:             break;
   969  0042  2884               	goto	l990
   970  0043                     l157:	
   971                           ;SPI_SPI.c: 114:          case 3:
   972                           
   973                           
   974                           ;SPI_SPI.c: 115:             SSPCONbits.SSPM3 = 0;
   975  0043  1194               	bcf	20,3	;volatile
   976                           
   977                           ;SPI_SPI.c: 116:             SSPCONbits.SSPM2 = 0;
   978  0044  1114               	bcf	20,2	;volatile
   979                           
   980                           ;SPI_SPI.c: 117:             SSPCONbits.SSPM1 = 1;
   981  0045  1494               	bsf	20,1	;volatile
   982                           
   983                           ;SPI_SPI.c: 118:             SSPCONbits.SSPM0 = 1;
   984  0046  1414               	bsf	20,0	;volatile
   985                           
   986                           ;SPI_SPI.c: 119:             break;
   987  0047  2884               	goto	l990
   988  0048                     l158:	
   989                           ;SPI_SPI.c: 120:          case 4:
   990                           
   991                           
   992                           ;SPI_SPI.c: 121:             SSPCONbits.SSPM3 = 0;
   993  0048  1194               	bcf	20,3	;volatile
   994                           
   995                           ;SPI_SPI.c: 122:             SSPCONbits.SSPM2 = 1;
   996  0049  1514               	bsf	20,2	;volatile
   997                           
   998                           ;SPI_SPI.c: 123:             SSPCONbits.SSPM1 = 0;
   999  004A  1094               	bcf	20,1	;volatile
  1000                           
  1001                           ;SPI_SPI.c: 124:             SSPCONbits.SSPM0 = 0;
  1002  004B  1014               	bcf	20,0	;volatile
  1003                           
  1004                           ;SPI_SPI.c: 126:             break;
  1005  004C  2884               	goto	l990
  1006  004D                     l159:	
  1007                           ;SPI_SPI.c: 127:          case 5:
  1008                           
  1009                           
  1010                           ;SPI_SPI.c: 128:             SSPCONbits.SSPM3 = 0;
  1011  004D  1194               	bcf	20,3	;volatile
  1012                           
  1013                           ;SPI_SPI.c: 129:             SSPCONbits.SSPM2 = 1;
  1014  004E  1514               	bsf	20,2	;volatile
  1015                           
  1016                           ;SPI_SPI.c: 130:             SSPCONbits.SSPM1 = 0;
  1017  004F  1094               	bcf	20,1	;volatile
  1018                           
  1019                           ;SPI_SPI.c: 131:             SSPCONbits.SSPM0 = 1;
  1020  0050  1414               	bsf	20,0	;volatile
  1021                           
  1022                           ;SPI_SPI.c: 132:             break;
  1023  0051  2884               	goto	l990
  1024  0052                     l986:
  1025  0052  1283               	bcf	3,5	;RP0=0, select bank0
  1026  0053  1303               	bcf	3,6	;RP1=0, select bank0
  1027  0054  082F               	movf	SPI_Esclavo_Init@port_mode,w
  1028  0055  00AD               	movwf	??_SPI_Esclavo_Init
  1029  0056  01AE               	clrf	??_SPI_Esclavo_Init+1
  1030                           
  1031                           ; Switch on 2 bytes has been partitioned into a top level switch of size 1, and 1 sub-sw
      +                          itches
  1032                           ; Switch size 1, requested type "simple"
  1033                           ; Number of cases is 1, Range of values is 0 to 0
  1034                           ; switch strategies available:
  1035                           ; Name         Instructions Cycles
  1036                           ; simple_byte            4     3 (average)
  1037                           ; direct_byte           11     8 (fixed)
  1038                           ; jumptable            260     6 (fixed)
  1039                           ;	Chosen strategy is simple_byte
  1040  0057  082E               	movf	??_SPI_Esclavo_Init+1,w
  1041  0058  3A00               	xorlw	0	; case 0
  1042  0059  1903               	skipnz
  1043  005A  285C               	goto	l1176
  1044  005B  2884               	goto	l990
  1045  005C                     l1176:
  1046                           
  1047                           ; Switch size 1, requested type "simple"
  1048                           ; Number of cases is 6, Range of values is 0 to 5
  1049                           ; switch strategies available:
  1050                           ; Name         Instructions Cycles
  1051                           ; simple_byte           19    10 (average)
  1052                           ; direct_byte           26     8 (fixed)
  1053                           ; jumptable            260     6 (fixed)
  1054                           ;	Chosen strategy is simple_byte
  1055  005C  082D               	movf	??_SPI_Esclavo_Init,w
  1056  005D  3A00               	xorlw	0	; case 0
  1057  005E  1903               	skipnz
  1058  005F  2834               	goto	l153
  1059  0060  3A01               	xorlw	1	; case 1
  1060  0061  1903               	skipnz
  1061  0062  2839               	goto	l155
  1062  0063  3A03               	xorlw	3	; case 2
  1063  0064  1903               	skipnz
  1064  0065  283E               	goto	l156
  1065  0066  3A01               	xorlw	1	; case 3
  1066  0067  1903               	skipnz
  1067  0068  2843               	goto	l157
  1068  0069  3A07               	xorlw	7	; case 4
  1069  006A  1903               	skipnz
  1070  006B  2848               	goto	l158
  1071  006C  3A01               	xorlw	1	; case 5
  1072  006D  1903               	skipnz
  1073  006E  284D               	goto	l159
  1074  006F  2884               	goto	l990
  1075  0070                     l161:	
  1076                           ;SPI_SPI.c: 136:     {;SPI_SPI.c: 137:         case 0:
  1077                           
  1078                           
  1079                           ;SPI_SPI.c: 138:             SSPCONbits.CKP = 0;
  1080  0070  1214               	bcf	20,4	;volatile
  1081                           
  1082                           ;SPI_SPI.c: 139:             SSPSTATbits.CKE = 0;
  1083  0071  1683               	bsf	3,5	;RP0=1, select bank1
  1084  0072  1303               	bcf	3,6	;RP1=0, select bank1
  1085  0073  1314               	bcf	20,6	;volatile
  1086                           
  1087                           ;SPI_SPI.c: 141:             break;
  1088  0074  289A               	goto	l162
  1089  0075                     l163:	
  1090                           ;SPI_SPI.c: 142:          case 1:
  1091                           
  1092                           
  1093                           ;SPI_SPI.c: 143:             SSPCONbits.CKP = 1;
  1094  0075  1614               	bsf	20,4	;volatile
  1095                           
  1096                           ;SPI_SPI.c: 144:             SSPSTATbits.CKE = 0;
  1097  0076  1683               	bsf	3,5	;RP0=1, select bank1
  1098  0077  1303               	bcf	3,6	;RP1=0, select bank1
  1099  0078  1314               	bcf	20,6	;volatile
  1100                           
  1101                           ;SPI_SPI.c: 146:             break;
  1102  0079  289A               	goto	l162
  1103  007A                     l164:	
  1104                           ;SPI_SPI.c: 147:          case 2:
  1105                           
  1106                           
  1107                           ;SPI_SPI.c: 148:             SSPCONbits.CKP = 0;
  1108  007A  1214               	bcf	20,4	;volatile
  1109                           
  1110                           ;SPI_SPI.c: 149:             SSPSTATbits.CKE = 1;
  1111  007B  1683               	bsf	3,5	;RP0=1, select bank1
  1112  007C  1303               	bcf	3,6	;RP1=0, select bank1
  1113  007D  1714               	bsf	20,6	;volatile
  1114                           
  1115                           ;SPI_SPI.c: 151:             break;
  1116  007E  289A               	goto	l162
  1117  007F                     l165:	
  1118                           ;SPI_SPI.c: 152:          case 3:
  1119                           
  1120                           
  1121                           ;SPI_SPI.c: 153:             SSPCONbits.CKP = 1;
  1122  007F  1614               	bsf	20,4	;volatile
  1123                           
  1124                           ;SPI_SPI.c: 154:             SSPSTATbits.CKE = 1;
  1125  0080  1683               	bsf	3,5	;RP0=1, select bank1
  1126  0081  1303               	bcf	3,6	;RP1=0, select bank1
  1127  0082  1714               	bsf	20,6	;volatile
  1128                           
  1129                           ;SPI_SPI.c: 155:             break;
  1130  0083  289A               	goto	l162
  1131  0084                     l990:
  1132  0084  082C               	movf	SPI_Esclavo_Init@SCK,w
  1133  0085  00AD               	movwf	??_SPI_Esclavo_Init
  1134  0086  01AE               	clrf	??_SPI_Esclavo_Init+1
  1135                           
  1136                           ; Switch on 2 bytes has been partitioned into a top level switch of size 1, and 1 sub-sw
      +                          itches
  1137                           ; Switch size 1, requested type "simple"
  1138                           ; Number of cases is 1, Range of values is 0 to 0
  1139                           ; switch strategies available:
  1140                           ; Name         Instructions Cycles
  1141                           ; simple_byte            4     3 (average)
  1142                           ; direct_byte           11     8 (fixed)
  1143                           ; jumptable            260     6 (fixed)
  1144                           ;	Chosen strategy is simple_byte
  1145  0087  082E               	movf	??_SPI_Esclavo_Init+1,w
  1146  0088  3A00               	xorlw	0	; case 0
  1147  0089  1903               	skipnz
  1148  008A  288C               	goto	l1178
  1149  008B  289A               	goto	l162
  1150  008C                     l1178:
  1151                           
  1152                           ; Switch size 1, requested type "simple"
  1153                           ; Number of cases is 4, Range of values is 0 to 3
  1154                           ; switch strategies available:
  1155                           ; Name         Instructions Cycles
  1156                           ; simple_byte           13     7 (average)
  1157                           ; direct_byte           20     8 (fixed)
  1158                           ; jumptable            260     6 (fixed)
  1159                           ;	Chosen strategy is simple_byte
  1160  008C  082D               	movf	??_SPI_Esclavo_Init,w
  1161  008D  3A00               	xorlw	0	; case 0
  1162  008E  1903               	skipnz
  1163  008F  2870               	goto	l161
  1164  0090  3A01               	xorlw	1	; case 1
  1165  0091  1903               	skipnz
  1166  0092  2875               	goto	l163
  1167  0093  3A03               	xorlw	3	; case 2
  1168  0094  1903               	skipnz
  1169  0095  287A               	goto	l164
  1170  0096  3A01               	xorlw	1	; case 3
  1171  0097  1903               	skipnz
  1172  0098  287F               	goto	l165
  1173  0099  289A               	goto	l162
  1174  009A                     l162:
  1175                           
  1176                           ;SPI_SPI.c: 157:     SSPSTATbits.SMP = 0;
  1177  009A  1683               	bsf	3,5	;RP0=1, select bank1
  1178  009B  1303               	bcf	3,6	;RP1=0, select bank1
  1179  009C  1394               	bcf	20,7	;volatile
  1180                           
  1181                           ;SPI_SPI.c: 158:     SSPCONbits.SSPEN = 1;
  1182  009D  1283               	bcf	3,5	;RP0=0, select bank0
  1183  009E  1303               	bcf	3,6	;RP1=0, select bank0
  1184  009F  1694               	bsf	20,5	;volatile
  1185  00A0                     l166:
  1186  00A0  0008               	return
  1187  00A1                     __end_of_SPI_Esclavo_Init:
  1188                           
  1189                           	psect	text6
  1190  01B3                     __ptext6:	
  1191 ;; *************** function _ISR *****************
  1192 ;; Defined at:
  1193 ;;		line 70 in file "SLAVE_PUSH_SPI.c"
  1194 ;; Parameters:    Size  Location     Type
  1195 ;;		None
  1196 ;; Auto vars:     Size  Location     Type
  1197 ;;  a               1    0        unsigned char 
  1198 ;; Return value:  Size  Location     Type
  1199 ;;                  1    wreg      void 
  1200 ;; Registers used:
  1201 ;;		wreg, status,2, status,0, btemp+1, pclath, cstack
  1202 ;; Tracked objects:
  1203 ;;		On entry : 0/0
  1204 ;;		On exit  : 0/0
  1205 ;;		Unchanged: 0/0
  1206 ;; Data sizes:     COMMON   BANK0   BANK1   BANK3   BANK2
  1207 ;;      Params:         0       0       0       0       0
  1208 ;;      Locals:         1       0       0       0       0
  1209 ;;      Temps:          3       0       0       0       0
  1210 ;;      Totals:         4       0       0       0       0
  1211 ;;Total ram usage:        4 bytes
  1212 ;; Hardware stack levels used:    1
  1213 ;; Hardware stack levels required when called:    1
  1214 ;; This function calls:
  1215 ;;		_decrementar
  1216 ;;		_incrementar
  1217 ;; This function is called by:
  1218 ;;		Interrupt level 1
  1219 ;; This function uses a non-reentrant model
  1220 ;;
  1221                           
  1222                           
  1223                           ;psect for function _ISR
  1224  01B3                     _ISR:
  1225  01B3                     i1l1120:
  1226                           
  1227                           ;SLAVE_PUSH_SPI.c: 72:     ANSELH = 0;
  1228  01B3  1C0B               	btfss	11,0	;volatile
  1229  01B4  29B6               	goto	u26_21
  1230  01B5  29B7               	goto	u26_20
  1231  01B6                     u26_21:
  1232  01B6  29C3               	goto	i1l78
  1233  01B7                     u26_20:
  1234  01B7                     i1l1122:
  1235  01B7  0806               	movf	6,w	;volatile
  1236  01B8                     i1l1124:
  1237                           
  1238                           ;SLAVE_PUSH_SPI.c: 76:     PORTB = 0;
  1239  01B8  120A  118A  2114  120A  118A  	fcall	_incrementar
  1240  01BD                     i1l1126:
  1241                           
  1242                           ;SLAVE_PUSH_SPI.c: 77:     PORTBbits.RB2 = 0;
  1243  01BD  120A  118A  20A1  120A  118A  	fcall	_decrementar
  1244  01C2                     i1l1128:
  1245                           
  1246                           ;SLAVE_PUSH_SPI.c: 78:     PORTBbits.RB3 = 0;
  1247  01C2  100B               	bcf	11,0	;volatile
  1248  01C3                     i1l78:
  1249  01C3  0876               	movf	??_ISR+2,w
  1250  01C4  1283               	bcf	3,5	;RP0=0, select bank0
  1251  01C5  1303               	bcf	3,6	;RP1=0, select bank0
  1252  01C6  00FF               	movwf	btemp+1
  1253  01C7  0875               	movf	??_ISR+1,w
  1254  01C8  008A               	movwf	10
  1255  01C9  0E74               	swapf	??_ISR,w
  1256  01CA  0083               	movwf	3
  1257  01CB  0EFE               	swapf	btemp,f
  1258  01CC  0E7E               	swapf	btemp,w
  1259  01CD  0009               	retfie
  1260  01CE                     __end_of_ISR:
  1261                           
  1262                           	psect	intentry
  1263  0004                     __pintentry:	
  1264                           ;incstack = 0
  1265                           ; Regs used in _ISR: [wreg+status,2+status,0+btemp+1+pclath+cstack]
  1266                           
  1267  0004                     interrupt_function:
  1268  007E                     saved_w	set	btemp
  1269  0004  00FE               	movwf	btemp
  1270  0005  0E03               	swapf	3,w
  1271  0006  00F4               	movwf	??_ISR
  1272  0007  080A               	movf	10,w
  1273  0008  00F5               	movwf	??_ISR+1
  1274  0009  1283               	bcf	3,5	;RP0=0, select bank0
  1275  000A  1303               	bcf	3,6	;RP1=0, select bank0
  1276  000B  087F               	movf	btemp+1,w
  1277  000C  00F6               	movwf	??_ISR+2
  1278  000D  120A  118A  29B3   	ljmp	_ISR
  1279                           
  1280                           	psect	text7
  1281  0114                     __ptext7:	
  1282 ;; *************** function _incrementar *****************
  1283 ;; Defined at:
  1284 ;;		line 164 in file "SLAVE_PUSH_SPI.c"
  1285 ;; Parameters:    Size  Location     Type
  1286 ;;		None
  1287 ;; Auto vars:     Size  Location     Type
  1288 ;;  e               2    2[COMMON] int 
  1289 ;;  e               2    0[COMMON] int 
  1290 ;; Return value:  Size  Location     Type
  1291 ;;                  1    wreg      void 
  1292 ;; Registers used:
  1293 ;;		wreg, status,2, status,0, btemp+1
  1294 ;; Tracked objects:
  1295 ;;		On entry : 0/0
  1296 ;;		On exit  : 0/0
  1297 ;;		Unchanged: 0/0
  1298 ;; Data sizes:     COMMON   BANK0   BANK1   BANK3   BANK2
  1299 ;;      Params:         0       0       0       0       0
  1300 ;;      Locals:         4       0       0       0       0
  1301 ;;      Temps:          0       0       0       0       0
  1302 ;;      Totals:         4       0       0       0       0
  1303 ;;Total ram usage:        4 bytes
  1304 ;; Hardware stack levels used:    1
  1305 ;; This function calls:
  1306 ;;		Nothing
  1307 ;; This function is called by:
  1308 ;;		_ISR
  1309 ;; This function uses a non-reentrant model
  1310 ;;
  1311                           
  1312                           
  1313                           ;psect for function _incrementar
  1314  0114                     _incrementar:
  1315  0114                     i1l1000:	
  1316                           ;incstack = 0
  1317                           ; Regs used in _incrementar: [wreg+status,2+status,0+btemp+1]
  1318                           
  1319                           
  1320                           ;SLAVE_PUSH_SPI.c: 166:         {
  1321  0114  1283               	bcf	3,5	;RP0=0, select bank0
  1322  0115  1303               	bcf	3,6	;RP1=0, select bank0
  1323  0116  1D06               	btfss	6,2	;volatile
  1324  0117  2919               	goto	u14_21
  1325  0118  291A               	goto	u14_20
  1326  0119                     u14_21:
  1327  0119  2954               	goto	i1l1026
  1328  011A                     u14_20:
  1329  011A                     i1l1002:
  1330                           
  1331                           ;SLAVE_PUSH_SPI.c: 167:             if (presionado2 == 0);SLAVE_PUSH_SPI.c: 168:        
      +                               {
  1332  011A  01F0               	clrf	incrementar@e
  1333  011B  01F1               	clrf	incrementar@e+1
  1334  011C                     i1l1008:
  1335                           
  1336                           ;SLAVE_PUSH_SPI.c: 169:                 PORTD = PORTD - 1;
  1337  011C  0879               	movf	_pressed_ok,w
  1338  011D  3E01               	addlw	1
  1339  011E  00F9               	movwf	_pressed_ok
  1340  011F  087A               	movf	_pressed_ok+1,w
  1341  0120  1803               	skipnc
  1342  0121  3E01               	addlw	1
  1343  0122  3E00               	addlw	0
  1344  0123  00FA               	movwf	_pressed_ok+1
  1345  0124                     i1l1010:
  1346  0124  3001               	movlw	1
  1347  0125  07F0               	addwf	incrementar@e,f
  1348  0126  1803               	skipnc
  1349  0127  0AF1               	incf	incrementar@e+1,f
  1350  0128  3000               	movlw	0
  1351  0129  07F1               	addwf	incrementar@e+1,f
  1352  012A                     i1l1012:
  1353  012A  0871               	movf	incrementar@e+1,w
  1354  012B  3A80               	xorlw	128
  1355  012C  00FF               	movwf	btemp+1
  1356  012D  3080               	movlw	128
  1357  012E  027F               	subwf	btemp+1,w
  1358  012F  1D03               	skipz
  1359  0130  2933               	goto	u15_25
  1360  0131  300B               	movlw	11
  1361  0132  0270               	subwf	incrementar@e,w
  1362  0133                     u15_25:
  1363  0133  1C03               	skipc
  1364  0134  2936               	goto	u15_21
  1365  0135  2937               	goto	u15_20
  1366  0136                     u15_21:
  1367  0136  291C               	goto	i1l1008
  1368  0137                     u15_20:
  1369  0137                     i1l1014:
  1370                           
  1371                           ;SLAVE_PUSH_SPI.c: 170:                 presionado2 = 1;
  1372  0137  01F7               	clrf	_released_ok
  1373  0138  01F8               	clrf	_released_ok+1
  1374  0139                     i1l1016:
  1375                           
  1376                           ;SLAVE_PUSH_SPI.c: 171:             }
  1377  0139  3000               	movlw	0
  1378  013A  027A               	subwf	_pressed_ok+1,w
  1379  013B  300B               	movlw	11
  1380  013C  1903               	skipnz
  1381  013D  0279               	subwf	_pressed_ok,w
  1382  013E  1C03               	skipc
  1383  013F  2941               	goto	u16_21
  1384  0140  2942               	goto	u16_20
  1385  0141                     u16_21:
  1386  0141  2951               	goto	i1l1024
  1387  0142                     u16_20:
  1388  0142                     i1l1018:
  1389                           
  1390                           ;SLAVE_PUSH_SPI.c: 172:         };SLAVE_PUSH_SPI.c: 173:         pressed_ok2 = 0;
  1391  0142  1283               	bcf	3,5	;RP0=0, select bank0
  1392  0143  1303               	bcf	3,6	;RP1=0, select bank0
  1393  0144  0828               	movf	_presionado,w
  1394  0145  0429               	iorwf	_presionado+1,w
  1395  0146  1D03               	btfss	3,2
  1396  0147  2949               	goto	u17_21
  1397  0148  294A               	goto	u17_20
  1398  0149                     u17_21:
  1399  0149  2951               	goto	i1l1024
  1400  014A                     u17_20:
  1401  014A                     i1l1020:
  1402                           
  1403                           ;SLAVE_PUSH_SPI.c: 174:         };SLAVE_PUSH_SPI.c: 175:     else
  1404  014A  0808               	movf	8,w	;volatile
  1405  014B  3E01               	addlw	1
  1406  014C  0088               	movwf	8	;volatile
  1407  014D                     i1l1022:
  1408                           
  1409                           ;SLAVE_PUSH_SPI.c: 176:     {
  1410  014D  3001               	movlw	1
  1411  014E  00A8               	movwf	_presionado
  1412  014F  3000               	movlw	0
  1413  0150  00A9               	movwf	_presionado+1
  1414  0151                     i1l1024:
  1415                           
  1416                           ;SLAVE_PUSH_SPI.c: 179:         pressed_ok2 = 0;
  1417  0151  01F9               	clrf	_pressed_ok
  1418  0152  01FA               	clrf	_pressed_ok+1
  1419                           
  1420                           ;SLAVE_PUSH_SPI.c: 180:         if (released_ok2 > 10)
  1421  0153  2982               	goto	i1l110
  1422  0154                     i1l1026:
  1423                           
  1424                           ;SLAVE_PUSH_SPI.c: 182:             presionado2 = 0;;SLAVE_PUSH_SPI.c: 183:             
      +                          released_ok = 0;
  1425  0154  01F2               	clrf	incrementar@e_311
  1426  0155  01F3               	clrf	incrementar@e_311+1
  1427  0156                     i1l1032:
  1428                           
  1429                           ;SLAVE_PUSH_SPI.c: 184:         }
  1430  0156  0877               	movf	_released_ok,w
  1431  0157  3E01               	addlw	1
  1432  0158  00F7               	movwf	_released_ok
  1433  0159  0878               	movf	_released_ok+1,w
  1434  015A  1803               	skipnc
  1435  015B  3E01               	addlw	1
  1436  015C  3E00               	addlw	0
  1437  015D  00F8               	movwf	_released_ok+1
  1438  015E                     i1l1034:
  1439  015E  3001               	movlw	1
  1440  015F  07F2               	addwf	incrementar@e_311,f
  1441  0160  1803               	skipnc
  1442  0161  0AF3               	incf	incrementar@e_311+1,f
  1443  0162  3000               	movlw	0
  1444  0163  07F3               	addwf	incrementar@e_311+1,f
  1445  0164                     i1l1036:
  1446  0164  0873               	movf	incrementar@e_311+1,w
  1447  0165  3A80               	xorlw	128
  1448  0166  00FF               	movwf	btemp+1
  1449  0167  3080               	movlw	128
  1450  0168  027F               	subwf	btemp+1,w
  1451  0169  1D03               	skipz
  1452  016A  296D               	goto	u18_25
  1453  016B  300B               	movlw	11
  1454  016C  0272               	subwf	incrementar@e_311,w
  1455  016D                     u18_25:
  1456  016D  1C03               	skipc
  1457  016E  2970               	goto	u18_21
  1458  016F  2971               	goto	u18_20
  1459  0170                     u18_21:
  1460  0170  2956               	goto	i1l1032
  1461  0171                     u18_20:
  1462  0171                     i1l1038:
  1463                           
  1464                           ;SLAVE_PUSH_SPI.c: 185:     }
  1465  0171  01F9               	clrf	_pressed_ok
  1466  0172  01FA               	clrf	_pressed_ok+1
  1467  0173                     i1l1040:
  1468                           
  1469                           ;SLAVE_PUSH_SPI.c: 186:     return;
  1470  0173  3000               	movlw	0
  1471  0174  0278               	subwf	_released_ok+1,w
  1472  0175  300B               	movlw	11
  1473  0176  1903               	skipnz
  1474  0177  0277               	subwf	_released_ok,w
  1475  0178  1C03               	skipc
  1476  0179  297B               	goto	u19_21
  1477  017A  297C               	goto	u19_20
  1478  017B                     u19_21:
  1479  017B  2982               	goto	i1l110
  1480  017C                     u19_20:
  1481  017C                     i1l1042:
  1482                           
  1483                           ;SLAVE_PUSH_SPI.c: 187: }
  1484  017C  1283               	bcf	3,5	;RP0=0, select bank0
  1485  017D  1303               	bcf	3,6	;RP1=0, select bank0
  1486  017E  01A8               	clrf	_presionado
  1487  017F  01A9               	clrf	_presionado+1
  1488  0180  01F7               	clrf	_released_ok
  1489  0181  01F8               	clrf	_released_ok+1
  1490  0182                     i1l110:
  1491  0182  0008               	return
  1492  0183                     __end_of_incrementar:
  1493                           
  1494                           	psect	text8
  1495  00A1                     __ptext8:	
  1496 ;; *************** function _decrementar *****************
  1497 ;; Defined at:
  1498 ;;		line 195 in file "SLAVE_PUSH_SPI.c"
  1499 ;; Parameters:    Size  Location     Type
  1500 ;;		None
  1501 ;; Auto vars:     Size  Location     Type
  1502 ;;  e               2    2[COMMON] int 
  1503 ;;  e               2    0[COMMON] int 
  1504 ;; Return value:  Size  Location     Type
  1505 ;;                  1    wreg      void 
  1506 ;; Registers used:
  1507 ;;		wreg, status,2, status,0, btemp+1
  1508 ;; Tracked objects:
  1509 ;;		On entry : 0/0
  1510 ;;		On exit  : 0/0
  1511 ;;		Unchanged: 0/0
  1512 ;; Data sizes:     COMMON   BANK0   BANK1   BANK3   BANK2
  1513 ;;      Params:         0       0       0       0       0
  1514 ;;      Locals:         4       0       0       0       0
  1515 ;;      Temps:          0       0       0       0       0
  1516 ;;      Totals:         4       0       0       0       0
  1517 ;;Total ram usage:        4 bytes
  1518 ;; Hardware stack levels used:    1
  1519 ;; This function calls:
  1520 ;;		Nothing
  1521 ;; This function is called by:
  1522 ;;		_ISR
  1523 ;; This function uses a non-reentrant model
  1524 ;;
  1525                           
  1526                           
  1527                           ;psect for function _decrementar
  1528  00A1                     _decrementar:
  1529  00A1                     i1l1046:	
  1530                           ;incstack = 0
  1531                           ; Regs used in _decrementar: [wreg+status,2+status,0+btemp+1]
  1532                           
  1533  00A1  1283               	bcf	3,5	;RP0=0, select bank0
  1534  00A2  1303               	bcf	3,6	;RP1=0, select bank0
  1535  00A3  1D86               	btfss	6,3	;volatile
  1536  00A4  28A6               	goto	u20_21
  1537  00A5  28A7               	goto	u20_20
  1538  00A6                     u20_21:
  1539  00A6  28E3               	goto	i1l1072
  1540  00A7                     u20_20:
  1541  00A7                     i1l1048:
  1542  00A7  01F0               	clrf	decrementar@e
  1543  00A8  01F1               	clrf	decrementar@e+1
  1544  00A9                     i1l1054:
  1545  00A9  1283               	bcf	3,5	;RP0=0, select bank0
  1546  00AA  1303               	bcf	3,6	;RP1=0, select bank0
  1547  00AB  0824               	movf	_pressed_ok2,w
  1548  00AC  3E01               	addlw	1
  1549  00AD  00A4               	movwf	_pressed_ok2
  1550  00AE  0825               	movf	_pressed_ok2+1,w
  1551  00AF  1803               	skipnc
  1552  00B0  3E01               	addlw	1
  1553  00B1  3E00               	addlw	0
  1554  00B2  00A5               	movwf	_pressed_ok2+1
  1555  00B3                     i1l1056:
  1556  00B3  3001               	movlw	1
  1557  00B4  07F0               	addwf	decrementar@e,f
  1558  00B5  1803               	skipnc
  1559  00B6  0AF1               	incf	decrementar@e+1,f
  1560  00B7  3000               	movlw	0
  1561  00B8  07F1               	addwf	decrementar@e+1,f
  1562  00B9                     i1l1058:
  1563  00B9  0871               	movf	decrementar@e+1,w
  1564  00BA  3A80               	xorlw	128
  1565  00BB  00FF               	movwf	btemp+1
  1566  00BC  3080               	movlw	128
  1567  00BD  027F               	subwf	btemp+1,w
  1568  00BE  1D03               	skipz
  1569  00BF  28C2               	goto	u21_25
  1570  00C0  300B               	movlw	11
  1571  00C1  0270               	subwf	decrementar@e,w
  1572  00C2                     u21_25:
  1573  00C2  1C03               	skipc
  1574  00C3  28C5               	goto	u21_21
  1575  00C4  28C6               	goto	u21_20
  1576  00C5                     u21_21:
  1577  00C5  28A9               	goto	i1l1054
  1578  00C6                     u21_20:
  1579  00C6                     i1l1060:
  1580  00C6  1283               	bcf	3,5	;RP0=0, select bank0
  1581  00C7  1303               	bcf	3,6	;RP1=0, select bank0
  1582  00C8  01A2               	clrf	_released_ok2
  1583  00C9  01A3               	clrf	_released_ok2+1
  1584  00CA                     i1l1062:
  1585  00CA  3000               	movlw	0
  1586  00CB  0225               	subwf	_pressed_ok2+1,w
  1587  00CC  300B               	movlw	11
  1588  00CD  1903               	skipnz
  1589  00CE  0224               	subwf	_pressed_ok2,w
  1590  00CF  1C03               	skipc
  1591  00D0  28D2               	goto	u22_21
  1592  00D1  28D3               	goto	u22_20
  1593  00D2                     u22_21:
  1594  00D2  28E0               	goto	i1l1070
  1595  00D3                     u22_20:
  1596  00D3                     i1l1064:
  1597  00D3  0820               	movf	_presionado2,w
  1598  00D4  0421               	iorwf	_presionado2+1,w
  1599  00D5  1D03               	btfss	3,2
  1600  00D6  28D8               	goto	u23_21
  1601  00D7  28D9               	goto	u23_20
  1602  00D8                     u23_21:
  1603  00D8  28E0               	goto	i1l1070
  1604  00D9                     u23_20:
  1605  00D9                     i1l1066:
  1606  00D9  0808               	movf	8,w	;volatile
  1607  00DA  3EFF               	addlw	255
  1608  00DB  0088               	movwf	8	;volatile
  1609  00DC                     i1l1068:
  1610  00DC  3001               	movlw	1
  1611  00DD  00A0               	movwf	_presionado2
  1612  00DE  3000               	movlw	0
  1613  00DF  00A1               	movwf	_presionado2+1
  1614  00E0                     i1l1070:
  1615  00E0  01A4               	clrf	_pressed_ok2
  1616  00E1  01A5               	clrf	_pressed_ok2+1
  1617  00E2  2913               	goto	i1l122
  1618  00E3                     i1l1072:
  1619  00E3  01F2               	clrf	decrementar@e_314
  1620  00E4  01F3               	clrf	decrementar@e_314+1
  1621  00E5                     i1l1078:
  1622  00E5  1283               	bcf	3,5	;RP0=0, select bank0
  1623  00E6  1303               	bcf	3,6	;RP1=0, select bank0
  1624  00E7  0822               	movf	_released_ok2,w
  1625  00E8  3E01               	addlw	1
  1626  00E9  00A2               	movwf	_released_ok2
  1627  00EA  0823               	movf	_released_ok2+1,w
  1628  00EB  1803               	skipnc
  1629  00EC  3E01               	addlw	1
  1630  00ED  3E00               	addlw	0
  1631  00EE  00A3               	movwf	_released_ok2+1
  1632  00EF                     i1l1080:
  1633  00EF  3001               	movlw	1
  1634  00F0  07F2               	addwf	decrementar@e_314,f
  1635  00F1  1803               	skipnc
  1636  00F2  0AF3               	incf	decrementar@e_314+1,f
  1637  00F3  3000               	movlw	0
  1638  00F4  07F3               	addwf	decrementar@e_314+1,f
  1639  00F5                     i1l1082:
  1640  00F5  0873               	movf	decrementar@e_314+1,w
  1641  00F6  3A80               	xorlw	128
  1642  00F7  00FF               	movwf	btemp+1
  1643  00F8  3080               	movlw	128
  1644  00F9  027F               	subwf	btemp+1,w
  1645  00FA  1D03               	skipz
  1646  00FB  28FE               	goto	u24_25
  1647  00FC  300B               	movlw	11
  1648  00FD  0272               	subwf	decrementar@e_314,w
  1649  00FE                     u24_25:
  1650  00FE  1C03               	skipc
  1651  00FF  2901               	goto	u24_21
  1652  0100  2902               	goto	u24_20
  1653  0101                     u24_21:
  1654  0101  28E5               	goto	i1l1078
  1655  0102                     u24_20:
  1656  0102                     i1l1084:
  1657  0102  1283               	bcf	3,5	;RP0=0, select bank0
  1658  0103  1303               	bcf	3,6	;RP1=0, select bank0
  1659  0104  01A4               	clrf	_pressed_ok2
  1660  0105  01A5               	clrf	_pressed_ok2+1
  1661  0106                     i1l1086:
  1662  0106  3000               	movlw	0
  1663  0107  0223               	subwf	_released_ok2+1,w
  1664  0108  300B               	movlw	11
  1665  0109  1903               	skipnz
  1666  010A  0222               	subwf	_released_ok2,w
  1667  010B  1C03               	skipc
  1668  010C  290E               	goto	u25_21
  1669  010D  290F               	goto	u25_20
  1670  010E                     u25_21:
  1671  010E  2913               	goto	i1l122
  1672  010F                     u25_20:
  1673  010F                     i1l1088:
  1674  010F  01A0               	clrf	_presionado2
  1675  0110  01A1               	clrf	_presionado2+1
  1676  0111  01F7               	clrf	_released_ok
  1677  0112  01F8               	clrf	_released_ok+1
  1678  0113                     i1l122:
  1679  0113  0008               	return
  1680  0114                     __end_of_decrementar:
  1681  007E                     btemp	set	126	;btemp
  1682  007E                     wtemp0	set	126
  1683                           
  1684                           	psect	config
  1685                           
  1686                           ;Config register CONFIG1 @ 0x2007
  1687                           ;	Oscillator Selection bits
  1688                           ;	FOSC = INTRC_NOCLKOUT, INTOSCIO oscillator: I/O function on RA6/OSC2/CLKOUT pin, I/O f
      +                          unction on RA7/OSC1/CLKIN
  1689                           ;	Watchdog Timer Enable bit
  1690                           ;	WDTE = OFF, WDT disabled and can be enabled by SWDTEN bit of the WDTCON register
  1691                           ;	Power-up Timer Enable bit
  1692                           ;	PWRTE = OFF, PWRT disabled
  1693                           ;	RE3/MCLR pin function select bit
  1694                           ;	MCLRE = OFF, RE3/MCLR pin function is digital input, MCLR internally tied to VDD
  1695                           ;	Code Protection bit
  1696                           ;	CP = OFF, Program memory code protection is disabled
  1697                           ;	Data Code Protection bit
  1698                           ;	CPD = OFF, Data memory code protection is disabled
  1699                           ;	Brown Out Reset Selection bits
  1700                           ;	BOREN = OFF, BOR disabled
  1701                           ;	Internal External Switchover bit
  1702                           ;	IESO = OFF, Internal/External Switchover mode is disabled
  1703                           ;	Fail-Safe Clock Monitor Enabled bit
  1704                           ;	FCMEN = OFF, Fail-Safe Clock Monitor is disabled
  1705                           ;	Low Voltage Programming Enable bit
  1706                           ;	LVP = OFF, RB3 pin has digital I/O, HV on MCLR must be used for programming
  1707                           ;	In-Circuit Debugger Mode bit
  1708                           ;	DEBUG = 0x1, unprogrammed default
  1709  2007                     	org	8199
  1710  2007  20D4               	dw	8404
  1711                           
  1712                           ;Config register CONFIG2 @ 0x2008
  1713                           ;	Brown-out Reset Selection bit
  1714                           ;	BOR4V = BOR40V, Brown-out Reset set to 4.0V
  1715                           ;	Flash Program Memory Self Write Enable bits
  1716                           ;	WRT = OFF, Write protection off
  1717  2008                     	org	8200
  1718  2008  3FFF               	dw	16383

Data Sizes:
    Strings     0
    Constant    0
    Data        0
    BSS         17
    Persistent  0
    Stack       0

Auto Spaces:
    Space          Size  Autos    Used
    COMMON           14      8      13
    BANK0            80      4      16
    BANK1            80      0       0
    BANK3            96      0       0
    BANK2            96      0       0

Pointer List with Targets:

    None.

Critical Paths under _main in COMMON

    None.

Critical Paths under _ISR in COMMON

    _ISR->_decrementar
    _ISR->_incrementar

Critical Paths under _main in BANK0

    _SPI_config->_SPI_Esclavo_Init

Critical Paths under _ISR in BANK0

    None.

Critical Paths under _main in BANK1

    None.

Critical Paths under _ISR in BANK1

    None.

Critical Paths under _main in BANK3

    None.

Critical Paths under _ISR in BANK3

    None.

Critical Paths under _main in BANK2

    None.

Critical Paths under _ISR in BANK2

    None.

Call Graph Tables:

 ---------------------------------------------------------------------------------
 (Depth) Function   	        Calls       Base Space   Used Autos Params    Refs
 ---------------------------------------------------------------------------------
 (0) _main                                                 0     0      0     120
                         _SPI_config
                    _interrup_config
                         _osc_config
                              _setup
 ---------------------------------------------------------------------------------
 (1) _setup                                                0     0      0       0
 ---------------------------------------------------------------------------------
 (1) _osc_config                                           0     0      0       0
 ---------------------------------------------------------------------------------
 (1) _interrup_config                                      0     0      0       0
 ---------------------------------------------------------------------------------
 (1) _SPI_config                                           0     0      0     120
                   _SPI_Esclavo_Init
 ---------------------------------------------------------------------------------
 (2) _SPI_Esclavo_Init                                     4     3      1     120
                                              0 BANK0      4     3      1
 ---------------------------------------------------------------------------------
 Estimated maximum stack depth 2
 ---------------------------------------------------------------------------------
 (Depth) Function   	        Calls       Base Space   Used Autos Params    Refs
 ---------------------------------------------------------------------------------
 (3) _ISR                                                  4     4      0     185
                                              4 COMMON     4     4      0
                        _decrementar
                        _incrementar
 ---------------------------------------------------------------------------------
 (4) _incrementar                                          4     4      0      92
                                              0 COMMON     4     4      0
 ---------------------------------------------------------------------------------
 (4) _decrementar                                          4     4      0      92
                                              0 COMMON     4     4      0
 ---------------------------------------------------------------------------------
 Estimated maximum stack depth 4
 ---------------------------------------------------------------------------------

 Call Graph Graphs:

 _main (ROOT)
   _SPI_config
     _SPI_Esclavo_Init
   _interrup_config
   _osc_config
   _setup

 _ISR (ROOT)
   _decrementar
   _incrementar

 Address spaces:
Name               Size   Autos  Total    Cost      Usage
BITCOMMON            E      0       0       0        0.0%
EEDATA             100      0       0       0        0.0%
NULL                 0      0       0       0        0.0%
CODE                 0      0       0       0        0.0%
COMMON               E      8       D       1       92.9%
BITSFR0              0      0       0       1        0.0%
SFR0                 0      0       0       1        0.0%
BITSFR1              0      0       0       2        0.0%
SFR1                 0      0       0       2        0.0%
STACK                0      0       0       2        0.0%
ABS                  0      0      1D       3        0.0%
BITBANK0            50      0       0       4        0.0%
BITSFR3              0      0       0       4        0.0%
SFR3                 0      0       0       4        0.0%
BANK0               50      4      10       5       20.0%
BITSFR2              0      0       0       5        0.0%
SFR2                 0      0       0       5        0.0%
BITBANK1            50      0       0       6        0.0%
BANK1               50      0       0       7        0.0%
BITBANK3            60      0       0       8        0.0%
BANK3               60      0       0       9        0.0%
BITBANK2            60      0       0      10        0.0%
BANK2               60      0       0      11        0.0%
DATA                 0      0      1D      12        0.0%


Microchip Technology PIC Macro Assembler V2.31 build 20201012212115 
Symbol Table                                                                                   Mon Feb 15 00:20:52 2021

              _SSPSTATbits 0094                         l83 01E2                         l92 01F2  
                       l84 01E2                         l95 01FC                         l89 01B2  
                       l98 0206                 _SPI_config 01FD                        l161 0070  
                      l153 0034                        l162 009A                        l163 0075  
                      l155 0039                        l164 007A                        l156 003E  
                      l165 007F                        l157 0043                        l166 00A0  
                      l158 0048                        l159 004D    __end_of_interrup_config 01F3  
                      l990 0084                        l982 002D                        l986 0052  
                      _ISR 01B3                       ?_ISR 0070                       l1100 0197  
                     l1110 01A7                       l1102 019B                       l1112 01F3  
                     l1104 019C                       l1114 01E6                       l1106 01A3  
                     l1130 01CE                       l1116 01EE                       l1108 01A6  
                     l1132 01D8                       l1118 01FD                       l1134 01DD  
                     l1092 0183                       l1094 0189                       l1176 005C  
                     l1096 018A                       l1178 008C                       l1098 0196  
                     _IOCB 0096                       i1l78 01C3                       _dato 007B  
                     _main 01CE                       btemp 007E                       start 0010  
             ?_incrementar 0070                      ??_ISR 0074                      ?_main 0070  
                    _ANSEL 0188                      i1l110 0182                      i1l122 0113  
                    u20_20 00A7                      u20_21 00A6                      u21_20 00C6  
                    u21_21 00C5                      u21_25 00C2                      u22_20 00D3  
                    u14_20 011A                      u22_21 00D2                      u14_21 0119  
                    u23_20 00D9                      u15_20 0137                      u23_21 00D8  
                    u15_21 0136                      u15_25 0133                      u24_20 0102  
                    u16_20 0142                      u24_21 0101                      u16_21 0141  
                    u24_25 00FE                      u25_20 010F                      u17_20 014A  
                    u25_21 010E                      u17_21 0149                      u18_20 0171  
                    u26_20 01B7                      u18_21 0170                      u26_21 01B6  
                    u18_25 016D                      u19_20 017C                      u19_21 017B  
                    _PORTA 0005                      _PORTB 0006                      _PORTC 0007  
                    _PORTD 0008                      _PORTE 0009                      _TRISA 0085  
                    _TRISB 0086                      _TRISC 0087                      _TRISD 0088  
                    _TRISE 0089                      _setup 0183  SPI_Esclavo_Init@port_mode 002F  
                    pclath 000A   __end_of_SPI_Esclavo_Init 00A1                      status 0003  
     __size_of_decrementar 0073                      wtemp0 007E            __initialization 0013  
             __end_of_main 01E6                ?_SPI_config 0070                     ??_main 0030  
         ?_interrup_config 0070                     ?_setup 0070                     _ANSELH 0189  
                   i1l1000 0114                     i1l1010 0124                     i1l1002 011A  
                   i1l1020 014A                     i1l1012 012A                     i1l1022 014D  
                   i1l1014 0137                     i1l1040 0173                     i1l1032 0156  
                   i1l1024 0151                     i1l1016 0139                     i1l1008 011C  
                   i1l1120 01B3                     i1l1042 017C                     i1l1034 015E  
                   i1l1018 0142                     i1l1026 0154                     i1l1122 01B7  
                   i1l1060 00C6                     i1l1036 0164                     i1l1124 01B8  
                   i1l1070 00E0                     i1l1062 00CA                     i1l1054 00A9  
                   i1l1046 00A1                     i1l1038 0171                     i1l1126 01BD  
                   i1l1080 00EF                     i1l1064 00D3                     i1l1056 00B3  
                   i1l1048 00A7                     i1l1072 00E3                     i1l1128 01C2  
                   i1l1082 00F5                     i1l1066 00D9                     i1l1058 00B9  
                   i1l1084 0102                     i1l1068 00DC                     i1l1086 0106  
                   i1l1078 00E5                     i1l1088 010F                     _SSPBUF 0013  
                   saved_w 007E    __end_of__initialization 0026        __size_of_SPI_config 000A  
           __pcstackCOMMON 0070              __end_of_setup 01B3       __size_of_incrementar 006F  
                  ??_setup 002C                 __pbssBANK0 0020                 __pmaintext 01CE  
               __pintentry 0004               incrementar@e 0070        SPI_Esclavo_Init@SCK 002C  
         decrementar@e_314 0072          ?_SPI_Esclavo_Init 002C         ??_SPI_Esclavo_Init 002D  
             ??_SPI_config 0030                  _ANSELbits 0188                    __ptext1 0183  
                  __ptext2 01F3                    __ptext3 01E6                    __ptext4 01FD  
                  __ptext5 002A                    __ptext6 01B3                    __ptext7 0114  
                  __ptext8 00A1               __size_of_ISR 001B              ??_decrementar 0070  
     end_of_initialization 0026                 _osc_config 01F3         __end_of_SPI_config 0207  
                _PORTBbits 0006                 _presionado 0028                 _pressed_ok 0079  
                _TRISAbits 0085                  _TRISBbits 0086                  _TRISCbits 0087  
 __size_of_interrup_config 000D        __end_of_decrementar 0114        start_initialization 0013  
              __end_of_ISR 01CE                ?_osc_config 0070              ??_incrementar 0070  
              __pbssCOMMON 0077                  ___latbits 0002              __pcstackBANK0 002C  
              _decrementar 00A1           incrementar@e_311 0072          ??_interrup_config 002C  
__size_of_SPI_Esclavo_Init 0077        __end_of_incrementar 0183                  _contador2 0026  
      __size_of_osc_config 000A             __size_of_setup 0030               decrementar@e 0070  
        interrupt_function 0004               _released_ok2 0022                _incrementar 0114  
                 _contador 002A               ??_osc_config 002C              __size_of_main 0018  
         _SPI_Esclavo_Init 002A                _released_ok 0077                 _INTCONbits 000B  
       __end_of_osc_config 01FD            _interrup_config 01E6               ?_decrementar 0070  
                 intlevel1 0000                 _OSCCONbits 008F                _presionado2 0020  
              _pressed_ok2 0024                 _SSPCONbits 0014  
